; While compiling #'_++_0 at top level:
Warning: Variable condition is never used.
Warning: Variable condition is never used.
Warning: Variable condition is never used.
Warning: Variable condition is never used.
Warning: While compiling these undefined functions were referenced:
         make-pvslist-string.
; While compiling #'++!_0 at top level:
Warning: Variable condition is never used.
Warning: Variable condition is never used.
Warning: Variable condition is never used.
Warning: Variable condition is never used.
Warning: While compiling these undefined functions were referenced:
         make-pvslist-string.
; While compiling #'(:internal ++_0 0) at top level:
Warning: Variable condition is never used.
Warning: Variable condition is never used.
Warning: Variable condition is never used.
Warning: Variable condition is never used.
Warning: While compiling these undefined functions were referenced:
         make-pvslist-string.
; While compiling #'_lbytesXOR at top level:
Warning: Variable condition is never used.
Warning: Variable condition is never used.
Warning: Variable condition is never used.
Warning: Variable condition is never used.
Warning: While compiling these undefined functions were referenced:
         make-pvslist-string.
; While compiling #'lbytesXOR! at top level:
Warning: Variable condition is never used.
Warning: Variable condition is never used.
Warning: Variable condition is never used.
Warning: Variable condition is never used.
Warning: While compiling these undefined functions were referenced:
         make-pvslist-string.
; While compiling #'(:internal (:internal lbytesXOR 0) 0) at top level:
Warning: Variable condition is never used.
Warning: Variable condition is never used.
Warning: Variable condition is never used.
Warning: Variable condition is never used.
Warning: While compiling these undefined functions were referenced:
         make-pvslist-string.
; While compiling #'_nbytes at top level:
Warning: Variable condition is never used.
Warning: Variable condition is never used.
Warning: Variable condition is never used.
Warning: Variable condition is never used.
; While compiling #'(:internal _nbytes 2) at top level:
Warning: Variable i is never used.
Warning: While compiling these undefined functions were referenced:
         make-pvslist-string.
; While compiling #'nbytes! at top level:
Warning: Variable condition is never used.
Warning: Variable condition is never used.
Warning: Variable condition is never used.
Warning: Variable condition is never used.
; While compiling #'(:internal nbytes! 2) at top level:
Warning: Variable i is never used.
Warning: While compiling these undefined functions were referenced:
         make-pvslist-string.
; While compiling #'(:internal nbytes 0) at top level:
Warning: Variable condition is never used.
Warning: Variable condition is never used.
Warning: Variable condition is never used.
Warning: Variable condition is never used.
; While compiling #'(:internal (:internal nbytes 0) 2) at top level:
Warning: Variable i is never used.
Warning: While compiling these undefined functions were referenced:
         make-pvslist-string.
; While compiling #'_padright at top level:
Warning: Variable condition is never used.
Warning: Variable condition is never used.
Warning: Variable condition is never used.
Warning: Variable condition is never used.
Warning: While compiling these undefined functions were referenced:
         make-pvslist-string.
; While compiling #'padright! at top level:
Warning: Variable condition is never used.
Warning: Variable condition is never used.
Warning: Variable condition is never used.
Warning: Variable condition is never used.
Warning: While compiling these undefined functions were referenced:
         make-pvslist-string.
; While compiling #'(:internal (:internal padright 0) 0) at top level:
Warning: Variable condition is never used.
Warning: Variable condition is never used.
Warning: Variable condition is never used.
Warning: Variable condition is never used.
Warning: While compiling these undefined functions were referenced:
         make-pvslist-string.
; While compiling #'_hmac at top level:
Warning: Variable outputSize is never used.
; While compiling #'hmac! at top level:
Warning: Variable outputSize is never used.
; While compiling #'(:internal hmac 0) at top level:
Warning: Variable outputSize is never used.
; While compiling #'_u32tobytestring at top level:
Warning: Variable condition is never used.
Warning: Variable condition is never used.
Warning: Variable condition is never used.
Warning: Variable condition is never used.
Warning: While compiling these undefined functions were referenced:
         make-pvslist-string.
; While compiling #'u32tobytestring! at top level:
Warning: Variable condition is never used.
Warning: Variable condition is never used.
Warning: Variable condition is never used.
Warning: Variable condition is never used.
Warning: While compiling these undefined functions were referenced:
         make-pvslist-string.
; While compiling #'(:internal u32tobytestring 0) at top level:
Warning: Variable condition is never used.
Warning: Variable condition is never used.
Warning: Variable condition is never used.
Warning: Variable condition is never used.
Warning: While compiling these undefined functions were referenced:
         make-pvslist-string.
; While compiling #'_mk_bytestring_0 at top level:
Warning: Variable condition is never used.
Warning: Variable condition is never used.
Warning: Variable condition is never used.
Warning: Variable condition is never used.
Warning: While compiling these undefined functions were referenced:
         make-pvslist-string.
; While compiling #'mk_bytestring!_0 at top level:
Warning: Variable condition is never used.
Warning: Variable condition is never used.
Warning: Variable condition is never used.
Warning: Variable condition is never used.
Warning: While compiling these undefined functions were referenced:
         make-pvslist-string.
; While compiling #'(:internal mk_bytestring_0 0) at top level:
Warning: Variable condition is never used.
Warning: Variable condition is never used.
Warning: Variable condition is never used.
Warning: Variable condition is never used.
Warning: While compiling these undefined functions were referenced:
         make-pvslist-string.
