; While compiling #'_bytestring2hexstring_1 at top level:
Warning: Variable condition is never used.
Warning: Variable condition is never used.
Warning: Variable condition is never used.
Warning: Variable condition is never used.
Warning: While compiling these undefined functions were referenced:
         make-pvslist-string.
; While compiling #'bytestring2hexstring!_1 at top level:
Warning: Variable condition is never used.
Warning: Variable condition is never used.
Warning: Variable condition is never used.
Warning: Variable condition is never used.
Warning: While compiling these undefined functions were referenced:
         make-pvslist-string.
; While compiling #'(:internal bytestring2hexstring_1 0) at top level:
Warning: Variable condition is never used.
Warning: Variable condition is never used.
Warning: Variable condition is never used.
Warning: Variable condition is never used.
Warning: While compiling these undefined functions were referenced:
         make-pvslist-string.
